<?xml version="1.0" encoding="UTF-8"?>
<robot generator="Robot 7.4.1 (Python 3.13.5 on win32)" generated="2026-03-16T09:27:48.731626" rpa="false" schemaversion="5">
<suite id="s1" name="Bejelentkezes" source="C:\Users\PalmaiJanos\Documents\GitHub\robotframework\bejelentkezes.robot">
<test id="s1-t1" name="Bejelentkezés érvényes adatokkal" line="7">
<kw name="Open Browser And Load Page" owner="common" type="SETUP">
<kw name="Open Browser" owner="SeleniumLibrary">
<msg time="2026-03-16T09:27:49.019176" level="INFO">Opening browser 'chrome' to base url 'https://demo.testim.io'.</msg>
<arg>${URL}</arg>
<arg>${BROWSER}</arg>
<doc>Opens a new browser instance to the optional ``url``.</doc>
<status status="PASS" start="2026-03-16T09:27:49.018801" elapsed="1.140747"/>
</kw>
<kw name="Maximize Browser Window" owner="SeleniumLibrary">
<doc>Maximizes current browser window.</doc>
<status status="PASS" start="2026-03-16T09:27:50.159834" elapsed="0.034954"/>
</kw>
<kw name="Wait Until Page Contains" owner="SeleniumLibrary">
<arg>Space &amp; Beyond</arg>
<arg>10s</arg>
<doc>Waits until ``text`` appears on the current page.</doc>
<status status="PASS" start="2026-03-16T09:27:50.195043" elapsed="0.036774"/>
</kw>
<status status="PASS" start="2026-03-16T09:27:49.017914" elapsed="1.214112"/>
</kw>
<kw name="Wait Until Element Is Visible" owner="SeleniumLibrary">
<msg time="2026-03-16T09:27:51.763453" level="WARN">Keyword 'Capture Page Screenshot' could not be run on failure: Message: no such window: target window already closed
from unknown error: web view not found
  (Session info: chrome=146.0.7680.80)
Stacktrace:
	chromedriver!GetHandleVerifier [0x7ff7625210a5+14cc5]
	chromedriver!GetHandleVerifier [0x7ff762521110+14d30]
	chromedriver!(No symbol) [0x7ff76228db6d]
	chromedriver!(No symbol) [0x7ff762264352]
	chromedriver!(No symbol) [0x7ff762317256]
	chromedriver!(No symbol) [0x7ff762333862]
	chromedriver!(No symbol) [0x7ff7622d96e8]
	chromedriver!(No symbol) [0x7ff7622da5d3]
	chromedriver!GetHandleVerifier [0x7ff762825ddd+3199fd]
	chromedriver!GetHandleVerifier [0x7ff7628204bd+3140dd]
	chromedriver!GetHandleVerifier [0x7ff7628429ba+3365da]
	chromedriver!GetHandleVerifier [0x7ff76253ca45+30665]
	chromedriver!GetHandleVerifier [0x7ff762545b9c+397bc]
	chromedriver!GetHandleVerifier [0x7ff76252a4c4+1e0e4]
	chromedriver!GetHandleVerifier [0x7ff76252a676+1e296]
	chromedriver!GetHandleVerifier [0x7ff76250ef87+2ba7]
	KERNEL32!BaseThreadInitThunk [0x7ff9635ce8d7+17]
	ntdll!RtlUserThreadStart [0x7ff9652bc34c+2c]
</msg>
<msg time="2026-03-16T09:27:51.783789" level="FAIL">NoSuchWindowException: Message: no such window: target window already closed
from unknown error: web view not found
  (Session info: chrome=146.0.7680.80)
Stacktrace:
	chromedriver!GetHandleVerifier [0x7ff7625210a5+14cc5]
	chromedriver!GetHandleVerifier [0x7ff762521110+14d30]
	chromedriver!(No symbol) [0x7ff76228db6d]
	chromedriver!(No symbol) [0x7ff762264352]
	chromedriver!(No symbol) [0x7ff762317256]
	chromedriver!(No symbol) [0x7ff762333862]
	chromedriver!(No symbol) [0x7ff7622d96e8]
	chromedriver!(No symbol) [0x7ff7622da5d3]
	chromedriver!GetHandleVerifier [0x7ff762825ddd+3199fd]
	chromedriver!GetHandleVerifier [0x7ff7628204bd+3140dd]
	chromedriver!GetHandleVerifier [0x7ff7628429ba+3365da]
	chromedriver!GetHandleVerifier [0x7ff76253ca45+30665]
	chromedriver!GetHandleVerifier [0x7ff762545b9c+397bc]
	chromedriver!GetHandleVerifier [0x7ff76252a4c4+1e0e4]
	chromedriver!GetHandleVerifier [0x7ff76252a676+1e296]
	chromedriver!GetHandleVerifier [0x7ff76250ef87+2ba7]
	KERNEL32!BaseThreadInitThunk [0x7ff9635ce8d7+17]
	ntdll!RtlUserThreadStart [0x7ff9652bc34c+2c]
</msg>
<arg>//button[contains(text(), 'Login')]</arg>
<arg>10s</arg>
<doc>Waits until the element ``locator`` is visible.</doc>
<status status="FAIL" start="2026-03-16T09:27:50.232451" elapsed="1.562220">NoSuchWindowException: Message: no such window: target window already closed
from unknown error: web view not found
  (Session info: chrome=146.0.7680.80)
Stacktrace:
	chromedriver!GetHandleVerifier [0x7ff7625210a5+14cc5]
	chromedriver!GetHandleVerifier [0x7ff762521110+14d30]
	chromedriver!(No symbol) [0x7ff76228db6d]
	chromedriver!(No symbol) [0x7ff762264352]
	chromedriver!(No symbol) [0x7ff762317256]
	chromedriver!(No symbol) [0x7ff762333862]
	chromedriver!(No symbol) [0x7ff7622d96e8]
	chromedriver!(No symbol) [0x7ff7622da5d3]
	chromedriver!GetHandleVerifier [0x7ff762825ddd+3199fd]
	chromedriver!GetHandleVerifier [0x7ff7628204bd+3140dd]
	chromedriver!GetHandleVerifier [0x7ff7628429ba+3365da]
	chromedriver!GetHandleVerifier [0x7ff76253ca45+30665]
	chromedriver!GetHandleVerifier [0x7ff762545b9c+397bc]
	chromedriver!GetHandleVerifier [0x7ff76252a4c4+1e0e4]
	chromedriver!GetHandleVerifier [0x7ff76252a676+1e296]
	chromedriver!GetHandleVerifier [0x7ff76250ef87+2ba7]
	KERNEL32!BaseThreadInitThunk [0x7ff9635ce8d7+17]
	ntdll!RtlUserThreadStart [0x7ff9652bc34c+2c]
</status>
</kw>
<kw name="Click Button" owner="SeleniumLibrary">
<arg>//button[contains(text(), 'Login')]</arg>
<doc>Clicks the button identified by ``locator``.</doc>
<status status="NOT RUN" start="2026-03-16T09:27:51.795151" elapsed="0.000205"/>
</kw>
<kw name="Wait Until Element Is Visible" owner="SeleniumLibrary">
<arg>//input[@type='email']</arg>
<arg>5s</arg>
<doc>Waits until the element ``locator`` is visible.</doc>
<status status="NOT RUN" start="2026-03-16T09:27:51.795665" elapsed="0.000166"/>
</kw>
<kw name="Input Text" owner="SeleniumLibrary">
<arg>//input[@type='email']</arg>
<arg>${VALID_EMAIL}</arg>
<doc>Types the given ``text`` into the text field identified by ``locator``.</doc>
<status status="NOT RUN" start="2026-03-16T09:27:51.796121" elapsed="0.000156"/>
</kw>
<kw name="Input Text" owner="SeleniumLibrary">
<arg>//input[@type='password']</arg>
<arg>${VALID_PASS}</arg>
<doc>Types the given ``text`` into the text field identified by ``locator``.</doc>
<status status="NOT RUN" start="2026-03-16T09:27:51.796568" elapsed="0.000158"/>
</kw>
<kw name="Click Button" owner="SeleniumLibrary">
<arg>//button[@type='submit']</arg>
<doc>Clicks the button identified by ``locator``.</doc>
<status status="NOT RUN" start="2026-03-16T09:27:51.797008" elapsed="0.000157"/>
</kw>
<kw name="Wait Until Page Contains" owner="SeleniumLibrary">
<arg>Dashboard</arg>
<arg>10s</arg>
<doc>Waits until ``text`` appears on the current page.</doc>
<status status="NOT RUN" start="2026-03-16T09:27:51.797445" elapsed="0.000153"/>
</kw>
<kw name="Page Should Contain" owner="SeleniumLibrary">
<arg>Welcome</arg>
<doc>Verifies that current page contains ``text``.</doc>
<status status="NOT RUN" start="2026-03-16T09:27:51.797878" elapsed="0.000152"/>
</kw>
<kw name="Close Browser" owner="SeleniumLibrary" type="TEARDOWN">
<doc>Closes the current browser.</doc>
<status status="PASS" start="2026-03-16T09:27:51.798486" elapsed="2.074782"/>
</kw>
<status status="FAIL" start="2026-03-16T09:27:49.014883" elapsed="4.859744">NoSuchWindowException: Message: no such window: target window already closed
from unknown error: web view not found
  (Session info: chrome=146.0.7680.80)
Stacktrace:
	chromedriver!GetHandleVerifier [0x7ff7625210a5+14cc5]
	chromedriver!GetHandleVerifier [0x7ff762521110+14d30]
	chromedriver!(No symbol) [0x7ff76228db6d]
	chromedriver!(No symbol) [0x7ff762264352]
	chromedriver!(No symbol) [0x7ff762317256]
	chromedriver!(No symbol) [0x7ff762333862]
	chromedriver!(No symbol) [0x7ff7622d96e8]
	chromedriver!(No symbol) [0x7ff7622da5d3]
	chromedriver!GetHandleVerifier [0x7ff762825ddd+3199fd]
	chromedriver!GetHandleVerifier [0x7ff7628204bd+3140dd]
	chromedriver!GetHandleVerifier [0x7ff7628429ba+3365da]
	chromedriver!GetHandleVerifier [0x7ff76253ca45+30665]
	chromedriver!GetHandleVerifier [0x7ff762545b9c+397bc]
	chromedriver!GetHandleVerifier [0x7ff76252a4c4+1e0e4]
	chromedriver!GetHandleVerifier [0x7ff76252a676+1e296]
	chromedriver!GetHandleVerifier [0x7ff76250ef87+2ba7]
	KERNEL32!BaseThreadInitThunk [0x7ff9635ce8d7+17]
	ntdll!RtlUserThreadStart [0x7ff9652bc34c+2c]
</status>
</test>
<test id="s1-t2" name="Bejelentkezés érvénytelen adatokkal" line="17">
<kw name="Open Browser And Load Page" owner="common" type="SETUP">
<kw name="Open Browser" owner="SeleniumLibrary">
<arg>${URL}</arg>
<arg>${BROWSER}</arg>
<doc>Opens a new browser instance to the optional ``url``.</doc>
<status status="FAIL" start="2026-03-16T09:27:53.896600" elapsed="0.000344">Execution terminated by signal</status>
</kw>
<kw name="Maximize Browser Window" owner="SeleniumLibrary">
<doc>Maximizes current browser window.</doc>
<status status="NOT RUN" start="2026-03-16T09:27:53.897139" elapsed="0.000124"/>
</kw>
<kw name="Wait Until Page Contains" owner="SeleniumLibrary">
<arg>Space &amp; Beyond</arg>
<arg>10s</arg>
<doc>Waits until ``text`` appears on the current page.</doc>
<status status="NOT RUN" start="2026-03-16T09:27:53.897409" elapsed="0.000116"/>
</kw>
<status status="FAIL" start="2026-03-16T09:27:53.896155" elapsed="0.001565">Execution terminated by signal</status>
</kw>
<kw name="Close Browser" owner="SeleniumLibrary" type="TEARDOWN">
<doc>Closes the current browser.</doc>
<status status="PASS" start="2026-03-16T09:27:53.898222" elapsed="0.000248"/>
</kw>
<status status="FAIL" start="2026-03-16T09:27:53.886349" elapsed="0.012318">Setup failed:
Execution terminated by signal</status>
</test>
<test id="s1-t3" name="Üres mezők ellenőrzése" line="27">
<tag>robot:exit</tag>
<status status="FAIL" start="2026-03-16T09:27:53.902544" elapsed="0.003436">Test execution stopped due to a fatal error.</status>
</test>
<test id="s1-t4" name="Kijelentkezés" line="37">
<tag>robot:exit</tag>
<status status="FAIL" start="2026-03-16T09:27:53.910347" elapsed="0.007367">Test execution stopped due to a fatal error.</status>
</test>
<status status="FAIL" start="2026-03-16T09:27:48.736654" elapsed="5.184327"/>
</suite>
<statistics>
<total>
<stat pass="0" fail="4" skip="0">All Tests</stat>
</total>
<tag>
<stat info="combined" combined="NOT robot:exit" pass="0" fail="2" skip="0">NOT robot:exit</stat>
</tag>
<suite>
<stat name="Bejelentkezes" id="s1" pass="0" fail="4" skip="0">Bejelentkezes</stat>
</suite>
</statistics>
<errors>
<msg time="2026-03-16T09:27:51.763453" level="WARN">Keyword 'Capture Page Screenshot' could not be run on failure: Message: no such window: target window already closed
from unknown error: web view not found
  (Session info: chrome=146.0.7680.80)
Stacktrace:
	chromedriver!GetHandleVerifier [0x7ff7625210a5+14cc5]
	chromedriver!GetHandleVerifier [0x7ff762521110+14d30]
	chromedriver!(No symbol) [0x7ff76228db6d]
	chromedriver!(No symbol) [0x7ff762264352]
	chromedriver!(No symbol) [0x7ff762317256]
	chromedriver!(No symbol) [0x7ff762333862]
	chromedriver!(No symbol) [0x7ff7622d96e8]
	chromedriver!(No symbol) [0x7ff7622da5d3]
	chromedriver!GetHandleVerifier [0x7ff762825ddd+3199fd]
	chromedriver!GetHandleVerifier [0x7ff7628204bd+3140dd]
	chromedriver!GetHandleVerifier [0x7ff7628429ba+3365da]
	chromedriver!GetHandleVerifier [0x7ff76253ca45+30665]
	chromedriver!GetHandleVerifier [0x7ff762545b9c+397bc]
	chromedriver!GetHandleVerifier [0x7ff76252a4c4+1e0e4]
	chromedriver!GetHandleVerifier [0x7ff76252a676+1e296]
	chromedriver!GetHandleVerifier [0x7ff76250ef87+2ba7]
	KERNEL32!BaseThreadInitThunk [0x7ff9635ce8d7+17]
	ntdll!RtlUserThreadStart [0x7ff9652bc34c+2c]
</msg>
</errors>
</robot>
